SLURMTMPDIR=/scratch/6622787
SLURM_JOBID=6622787
SLURM_JOB_NODELIST=cpn-d14-38,cpn-d15-[04,07,09,28,33,38],cpn-d16-[07-11]
SLURM_NODENAME=
SLURM_NNODES=12
 Intel-MPI is in your path.  This is adequate for compiling and running most codes.  Source the /util/academic/intel/17.0/compilers_and_libraries_2017/linux/mpi/intel64/bin/mpivars.sh file for more features.
/scratch/6622787
SBATCH:: Starting 'main'
================================================
1048576 points read into memory from file.
Sun Apr 30 14:41:43 2017 [Processor 0 of 0] [INFO]: Finished reading input in 1.370000 seconds
[-1] MPI startup(): Imported environment partly inaccesible. Map=0 Info=16913b0
1048576 points read into memory from file.
Sun Apr 30 14:41:43 2017 [Processor 0 of 0] [INFO]: Finished reading input in 1.400000 seconds
[-1] MPI startup(): Imported environment partly inaccesible. Map=0 Info=10943b0
[0] MPI startup(): Multi-threaded optimized library
1048576 points read into memory from file.
Sun Apr 30 14:41:44 2017 [Processor 0 of 0] [INFO]: Finished reading input in 1.420000 seconds
[-1] MPI startup(): Imported environment partly inaccesible. Map=0 Info=1c9b3b0
1048576 points read into memory from file.
Sun Apr 30 14:41:44 2017 [Processor 0 of 0] [INFO]: Finished reading input in 1.360000 seconds
[-1] MPI startup(): Imported environment partly inaccesible. Map=0 Info=9773b0
1048576 points read into memory from file.
Sun Apr 30 14:41:43 2017 [Processor 0 of 0] [INFO]: Finished reading input in 1.360000 seconds
[-1] MPI startup(): Imported environment partly inaccesible. Map=0 Info=9063b0
1048576 points read into memory from file.
Sun Apr 30 14:41:43 2017 [Processor 0 of 0] [INFO]: Finished reading input in 1.380000 seconds
[-1] MPI startup(): Imported environment partly inaccesible. Map=0 Info=90c3b0
1048576 points read into memory from file.
Sun Apr 30 14:41:44 2017 [Processor 0 of 0] [INFO]: Finished reading input in 1.350000 seconds
[-1] MPI startup(): Imported environment partly inaccesible. Map=0 Info=16103b0
1048576 points read into memory from file.
Sun Apr 30 14:41:43 2017 [Processor 0 of 0] [INFO]: Finished reading input in 1.350000 seconds
[-1] MPI startup(): Imported environment partly inaccesible. Map=0 Info=9093b0
1048576 points read into memory from file.
Sun Apr 30 14:41:43 2017 [Processor 0 of 0] [INFO]: Finished reading input in 1.400000 seconds
[-1] MPI startup(): Imported environment partly inaccesible. Map=0 Info=1fab3b0
1048576 points read into memory from file.
Sun Apr 30 14:41:43 2017 [Processor 0 of 0] [INFO]: Finished reading input in 1.360000 seconds
[-1] MPI startup(): Imported environment partly inaccesible. Map=0 Info=14f53b0
1048576 points read into memory from file.
Sun Apr 30 14:41:44 2017 [Processor 0 of 0] [INFO]: Finished reading input in 1.370000 seconds
[-1] MPI startup(): Imported environment partly inaccesible. Map=0 Info=8903b0
1048576 points read into memory from file.
Sun Apr 30 14:41:43 2017 [Processor 0 of 0] [INFO]: Finished reading input in 1.390000 seconds
[-1] MPI startup(): Imported environment partly inaccesible. Map=0 Info=24e13b0
1048576 points read into memory from file.
Sun Apr 30 14:41:44 2017 [Processor 0 of 0] [INFO]: Finished reading input in 1.380000 seconds
[-1] MPI startup(): Imported environment partly inaccesible. Map=0 Info=1f803b0
1048576 points read into memory from file.
Sun Apr 30 14:41:43 2017 [Processor 0 of 0] [INFO]: Finished reading input in 1.350000 seconds
[-1] MPI startup(): Imported environment partly inaccesible. Map=0 Info=193f3b0
1048576 points read into memory from file.
Sun Apr 30 14:41:43 2017 [Processor 0 of 0] [INFO]: Finished reading input in 1.370000 seconds
[-1] MPI startup(): Imported environment partly inaccesible. Map=0 Info=c283b0
1048576 points read into memory from file.
Sun Apr 30 14:41:44 2017 [Processor 0 of 0] [INFO]: Finished reading input in 1.440000 seconds
[-1] MPI startup(): Imported environment partly inaccesible. Map=0 Info=11e63b0
1048576 points read into memory from file.
Sun Apr 30 14:41:44 2017 [Processor 0 of 0] [INFO]: Finished reading input in 1.410000 seconds
[-1] MPI startup(): Imported environment partly inaccesible. Map=0 Info=21d03b0
1048576 points read into memory from file.
Sun Apr 30 14:41:44 2017 [Processor 0 of 0] [INFO]: Finished reading input in 1.390000 seconds
[-1] MPI startup(): Imported environment partly inaccesible. Map=0 Info=10203b0
1048576 points read into memory from file.
Sun Apr 30 14:41:44 2017 [Processor 0 of 0] [INFO]: Finished reading input in 1.390000 seconds
[-1] MPI startup(): Imported environment partly inaccesible. Map=0 Info=1bca3b0
1048576 points read into memory from file.
Sun Apr 30 14:41:44 2017 [Processor 0 of 0] [INFO]: Finished reading input in 1.390000 seconds
[-1] MPI startup(): Imported environment partly inaccesible. Map=0 Info=be23b0
1048576 points read into memory from file.
Sun Apr 30 14:41:43 2017 [Processor 0 of 0] [INFO]: Finished reading input in 1.370000 seconds
[-1] MPI startup(): Imported environment partly inaccesible. Map=0 Info=18b23b0
1048576 points read into memory from file.
Sun Apr 30 14:41:43 2017 [Processor 0 of 0] [INFO]: Finished reading input in 1.380000 seconds
[-1] MPI startup(): Imported environment partly inaccesible. Map=0 Info=1d033b0
1048576 points read into memory from file.
Sun Apr 30 14:41:44 2017 [Processor 0 of 0] [INFO]: Finished reading input in 1.410000 seconds
[-1] MPI startup(): Imported environment partly inaccesible. Map=0 Info=12773b0
1048576 points read into memory from file.
Sun Apr 30 14:41:44 2017 [Processor 0 of 0] [INFO]: Finished reading input in 1.380000 seconds
[-1] MPI startup(): Imported environment partly inaccesible. Map=0 Info=7f93b0
[21] MPID_nem_ofacm_init(): Init
[6] MPID_nem_ofacm_init(): Init
[7] MPID_nem_ofacm_init(): Init
[20] MPID_nem_ofacm_init(): Init
[0] MPID_nem_ofacm_init(): Init
[5] MPID_nem_ofacm_init(): Init
[4] MPID_nem_ofacm_init(): Init
[13] MPID_nem_ofacm_init(): Init
[3] MPID_nem_ofacm_init(): Init
[10] MPID_nem_ofacm_init(): Init
[17] MPID_nem_ofacm_init(): Init
[11] MPID_nem_ofacm_init(): Init
[16] MPID_nem_ofacm_init(): Init
[1] MPID_nem_ofacm_init(): Init
[8] MPID_nem_ofacm_init(): Init
[23] MPID_nem_ofacm_init(): Init
[22] MPID_nem_ofacm_init(): Init
[2] MPID_nem_ofacm_init(): Init
[12] MPID_nem_ofacm_init(): Init
[15] MPID_nem_ofacm_init(): Init
[9] MPID_nem_ofacm_init(): Init
[19] MPID_nem_ofacm_init(): Init
[18] MPID_nem_ofacm_init(): Init
[14] MPID_nem_ofacm_init(): Init
[0] MPI startup(): shm and ofa data transfer modes
[1] MPI startup(): shm and ofa data transfer modes
[23] MPI startup(): shm and ofa data transfer modes
[22] MPI startup(): shm and ofa data transfer modes
[19] MPI startup(): shm and ofa data transfer modes
[18] MPI startup(): shm and ofa data transfer modes
[15] MPI startup(): shm and ofa data transfer modes
[14] MPI startup(): shm and ofa data transfer modes
[9] MPI startup(): shm and ofa data transfer modes
[8] MPI startup(): shm and ofa data transfer modes
[5] MPI startup(): shm and ofa data transfer modes
[4] MPI startup(): shm and ofa data transfer modes
[3] MPI startup(): shm and ofa data transfer modes
[2] MPI startup(): shm and ofa data transfer modes
[21] MPI startup(): shm and ofa data transfer modes
[20] MPI startup(): shm and ofa data transfer modes
[17] MPI startup(): shm and ofa data transfer modes
[16] MPI startup(): shm and ofa data transfer modes
[7] MPI startup(): shm and ofa data transfer modes
[13] MPI startup(): shm and ofa data transfer modes
[6] MPI startup(): shm and ofa data transfer modes
[11] MPI startup(): shm and ofa data transfer modes
[12] MPI startup(): shm and ofa data transfer modes
[10] MPI startup(): shm and ofa data transfer modes
Sun Apr 30 14:41:44 2017 [Processor 1 of 24] [INFO]: Begin
Sun Apr 30 14:41:44 2017 [Processor 3 of 24] [INFO]: Begin
Sun Apr 30 14:41:44 2017 [Processor 18 of 24] [INFO]: Begin
Sun Apr 30 14:41:44 2017 [Processor 15 of 24] [INFO]: Begin
Sun Apr 30 14:41:44 2017 [Processor 7 of 24] [INFO]: Begin
Sun Apr 30 14:41:44 2017 [Processor 13 of 24] [INFO]: Begin
Sun Apr 30 14:41:44 2017 [Processor 5 of 24] [INFO]: Begin
Sun Apr 30 14:41:44 2017 [Processor 20 of 24] [INFO]: Begin
Sun Apr 30 14:41:44 2017 [Processor 11 of 24] [INFO]: Begin
Sun Apr 30 14:41:44 2017 [Processor 22 of 24] [INFO]: Begin
Sun Apr 30 14:41:44 2017 [Processor 9 of 24] [INFO]: Begin
Sun Apr 30 14:41:44 2017 [Processor 16 of 24] [INFO]: Begin
Sun Apr 30 14:41:44 2017 [Processor 19 of 24] [INFO]: Begin
Sun Apr 30 14:41:44 2017 [Processor 23 of 24] [INFO]: Begin
Sun Apr 30 14:41:44 2017 [Processor 17 of 24] [INFO]: Begin
Sun Apr 30 14:41:44 2017 [Processor 21 of 24] [INFO]: Begin
Sun Apr 30 14:41:44 2017 [Processor 4 of 24] [INFO]: Begin
Sun Apr 30 14:41:44 2017 [Processor 10 of 24] [INFO]: Begin
Sun Apr 30 14:41:44 2017 [Processor 12 of 24] [INFO]: Begin
Sun Apr 30 14:41:44 2017 [Processor 14 of 24] [INFO]: Begin
Sun Apr 30 14:41:44 2017 [Processor 2 of 24] [INFO]: Begin
[0] MPI startup(): Rank    Pid      Node name                        Pin cpu
Sun Apr 30 14:41:44 2017 [Processor 6 of 24] [INFO]: Begin
Sun Apr 30 14:41:44 2017 [Processor 8 of 24] [INFO]: Begin
[0] MPI startup(): 0       14075    cpn-d14-38.cbls.ccr.buffalo.edu  +1
[0] MPI startup(): 1       14076    cpn-d14-38.cbls.ccr.buffalo.edu  +1
[0] MPI startup(): 2       16406    cpn-d15-04.cbls.ccr.buffalo.edu  +1
[0] MPI startup(): 3       16407    cpn-d15-04.cbls.ccr.buffalo.edu  +1
[0] MPI startup(): 4       1915     cpn-d15-07.cbls.ccr.buffalo.edu  +1
[0] MPI startup(): 5       1916     cpn-d15-07.cbls.ccr.buffalo.edu  +1
[0] MPI startup(): 6       22223    cpn-d15-09.cbls.ccr.buffalo.edu  +1
[0] MPI startup(): 7       22224    cpn-d15-09.cbls.ccr.buffalo.edu  +1
[0] MPI startup(): 8       5515     cpn-d15-28.cbls.ccr.buffalo.edu  +1
[0] MPI startup(): 9       5516     cpn-d15-28.cbls.ccr.buffalo.edu  +1
[0] MPI startup(): 10      30437    cpn-d15-33.cbls.ccr.buffalo.edu  +1
[0] MPI startup(): 11      30438    cpn-d15-33.cbls.ccr.buffalo.edu  +1
[0] MPI startup(): 12      28016    cpn-d15-38.cbls.ccr.buffalo.edu  +1
[0] MPI startup(): 13      28017    cpn-d15-38.cbls.ccr.buffalo.edu  +1
[0] MPI startup(): 14      27337    cpn-d16-07.cbls.ccr.buffalo.edu  +1
[0] MPI startup(): 15      27338    cpn-d16-07.cbls.ccr.buffalo.edu  +1
[0] MPI startup(): 16      28058    cpn-d16-08.cbls.ccr.buffalo.edu  +1
[0] MPI startup(): 17      28059    cpn-d16-08.cbls.ccr.buffalo.edu  +1
[0] MPI startup(): 18      19541    cpn-d16-09.cbls.ccr.buffalo.edu  +1
[0] MPI startup(): 19      19542    cpn-d16-09.cbls.ccr.buffalo.edu  +1
[0] MPI startup(): 20      3290     cpn-d16-10.cbls.ccr.buffalo.edu  +1
[0] MPI startup(): 21      3291     cpn-d16-10.cbls.ccr.buffalo.edu  +1
[0] MPI startup(): 22      23224    cpn-d16-11.cbls.ccr.buffalo.edu  +1
[0] MPI startup(): 23      23225    cpn-d16-11.cbls.ccr.buffalo.edu  +1
Sun Apr 30 14:41:44 2017 [Processor 0 of 24] [INFO]: Begin
Sun Apr 30 14:41:44 2017 [Processor 5 of 24] [INFO]: Number of Edges: 503717
Sun Apr 30 14:41:44 2017 [Processor 5 of 24] [INFO]: Finished triangulation of local points in 0.190000 seconds
Sun Apr 30 14:41:44 2017 [Processor 5 of 24] [INFO]: Sending to 4
Sun Apr 30 14:41:44 2017 [Processor 4 of 24] [INFO]: Number of Edges: 503339
Sun Apr 30 14:41:44 2017 [Processor 4 of 24] [INFO]: Finished triangulation of local points in 0.180000 seconds
Sun Apr 30 14:41:44 2017 [Processor 4 of 24] [INFO]: Receiving from 5
Sun Apr 30 14:41:44 2017 [Processor 5 of 24] [INFO]: About to send 503717 edges
Sun Apr 30 14:41:44 2017 [Processor 4 of 24] [INFO]: About to receive 503717 edges
Sun Apr 30 14:41:44 2017 [Processor 3 of 24] [INFO]: Number of Edges: 503540
Sun Apr 30 14:41:44 2017 [Processor 3 of 24] [INFO]: Finished triangulation of local points in 0.200000 seconds
Sun Apr 30 14:41:44 2017 [Processor 3 of 24] [INFO]: Sending to 2
Sun Apr 30 14:41:44 2017 [Processor 19 of 24] [INFO]: Number of Edges: 503500
Sun Apr 30 14:41:44 2017 [Processor 19 of 24] [INFO]: Finished triangulation of local points in 0.200000 seconds
Sun Apr 30 14:41:44 2017 [Processor 19 of 24] [INFO]: Sending to 18
Sun Apr 30 14:41:44 2017 [Processor 23 of 24] [INFO]: Number of Edges: 503483
Sun Apr 30 14:41:44 2017 [Processor 23 of 24] [INFO]: Finished triangulation of local points in 0.200000 seconds
Sun Apr 30 14:41:44 2017 [Processor 23 of 24] [INFO]: Sending to 22
Sun Apr 30 14:41:44 2017 [Processor 21 of 24] [INFO]: Number of Edges: 503438
Sun Apr 30 14:41:44 2017 [Processor 13 of 24] [INFO]: Number of Edges: 503864
Sun Apr 30 14:41:44 2017 [Processor 21 of 24] [INFO]: Finished triangulation of local points in 0.200000 seconds
Sun Apr 30 14:41:44 2017 [Processor 21 of 24] [INFO]: Sending to 20
Sun Apr 30 14:41:44 2017 [Processor 13 of 24] [INFO]: Finished triangulation of local points in 0.200000 seconds
Sun Apr 30 14:41:44 2017 [Processor 17 of 24] [INFO]: Number of Edges: 503739
Sun Apr 30 14:41:44 2017 [Processor 13 of 24] [INFO]: Sending to 12
Sun Apr 30 14:41:44 2017 [Processor 17 of 24] [INFO]: Finished triangulation of local points in 0.200000 seconds
Sun Apr 30 14:41:44 2017 [Processor 17 of 24] [INFO]: Sending to 16
Sun Apr 30 14:41:44 2017 [Processor 11 of 24] [INFO]: Number of Edges: 503644
Sun Apr 30 14:41:44 2017 [Processor 18 of 24] [INFO]: Number of Edges: 502683
Sun Apr 30 14:41:44 2017 [Processor 7 of 24] [INFO]: Number of Edges: 503858
Sun Apr 30 14:41:44 2017 [Processor 11 of 24] [INFO]: Finished triangulation of local points in 0.200000 seconds
Sun Apr 30 14:41:44 2017 [Processor 18 of 24] [INFO]: Finished triangulation of local points in 0.200000 seconds
Sun Apr 30 14:41:44 2017 [Processor 7 of 24] [INFO]: Finished triangulation of local points in 0.210000 seconds
Sun Apr 30 14:41:44 2017 [Processor 11 of 24] [INFO]: Sending to 10
Sun Apr 30 14:41:44 2017 [Processor 18 of 24] [INFO]: Receiving from 19
Sun Apr 30 14:41:44 2017 [Processor 7 of 24] [INFO]: Sending to 6
Sun Apr 30 14:41:44 2017 [Processor 9 of 24] [INFO]: Number of Edges: 503685
Sun Apr 30 14:41:44 2017 [Processor 9 of 24] [INFO]: Finished triangulation of local points in 0.200000 seconds
Sun Apr 30 14:41:44 2017 [Processor 9 of 24] [INFO]: Sending to 8
Sun Apr 30 14:41:44 2017 [Processor 12 of 24] [INFO]: Number of Edges: 503736
Sun Apr 30 14:41:44 2017 [Processor 20 of 24] [INFO]: Number of Edges: 502993
Sun Apr 30 14:41:44 2017 [Processor 12 of 24] [INFO]: Finished triangulation of local points in 0.200000 seconds
Sun Apr 30 14:41:44 2017 [Processor 12 of 24] [INFO]: Receiving from 13
Sun Apr 30 14:41:44 2017 [Processor 20 of 24] [INFO]: Finished triangulation of local points in 0.210000 seconds
Sun Apr 30 14:41:44 2017 [Processor 20 of 24] [INFO]: Receiving from 21
Sun Apr 30 14:41:44 2017 [Processor 15 of 24] [INFO]: Number of Edges: 503612
Sun Apr 30 14:41:44 2017 [Processor 22 of 24] [INFO]: Number of Edges: 503683
Sun Apr 30 14:41:44 2017 [Processor 16 of 24] [INFO]: Number of Edges: 503929
Sun Apr 30 14:41:44 2017 [Processor 15 of 24] [INFO]: Finished triangulation of local points in 0.200000 seconds
Sun Apr 30 14:41:44 2017 [Processor 15 of 24] [INFO]: Sending to 14
Sun Apr 30 14:41:44 2017 [Processor 22 of 24] [INFO]: Finished triangulation of local points in 0.210000 seconds
Sun Apr 30 14:41:44 2017 [Processor 16 of 24] [INFO]: Finished triangulation of local points in 0.210000 seconds
Sun Apr 30 14:41:44 2017 [Processor 22 of 24] [INFO]: Receiving from 23
Sun Apr 30 14:41:44 2017 [Processor 16 of 24] [INFO]: Receiving from 17
Sun Apr 30 14:41:44 2017 [Processor 10 of 24] [INFO]: Number of Edges: 503414
Sun Apr 30 14:41:44 2017 [Processor 2 of 24] [INFO]: Number of Edges: 503721
Sun Apr 30 14:41:44 2017 [Processor 10 of 24] [INFO]: Finished triangulation of local points in 0.200000 seconds
Sun Apr 30 14:41:44 2017 [Processor 1 of 24] [INFO]: Number of Edges: 503251
Sun Apr 30 14:41:44 2017 [Processor 10 of 24] [INFO]: Receiving from 11
Sun Apr 30 14:41:44 2017 [Processor 2 of 24] [INFO]: Finished triangulation of local points in 0.200000 seconds
Sun Apr 30 14:41:44 2017 [Processor 2 of 24] [INFO]: Receiving from 3
Sun Apr 30 14:41:44 2017 [Processor 1 of 24] [INFO]: Finished triangulation of local points in 0.210000 seconds
Sun Apr 30 14:41:44 2017 [Processor 19 of 24] [INFO]: About to send 503500 edges
Sun Apr 30 14:41:44 2017 [Processor 1 of 24] [INFO]: Sending to 0
Sun Apr 30 14:41:44 2017 [Processor 8 of 24] [INFO]: Number of Edges: 503222
Sun Apr 30 14:41:44 2017 [Processor 6 of 24] [INFO]: Number of Edges: 503538
Sun Apr 30 14:41:44 2017 [Processor 6 of 24] [INFO]: Finished triangulation of local points in 0.200000 seconds
Sun Apr 30 14:41:44 2017 [Processor 8 of 24] [INFO]: Finished triangulation of local points in 0.200000 seconds
Sun Apr 30 14:41:44 2017 [Processor 8 of 24] [INFO]: Receiving from 9
Sun Apr 30 14:41:44 2017 [Processor 14 of 24] [INFO]: Number of Edges: 503792
Sun Apr 30 14:41:44 2017 [Processor 6 of 24] [INFO]: Receiving from 7
Sun Apr 30 14:41:44 2017 [Processor 14 of 24] [INFO]: Finished triangulation of local points in 0.210000 seconds
Sun Apr 30 14:41:44 2017 [Processor 14 of 24] [INFO]: Receiving from 15
Sun Apr 30 14:41:44 2017 [Processor 0 of 24] [INFO]: Number of Edges: 504050
Sun Apr 30 14:41:44 2017 [Processor 0 of 24] [INFO]: Finished triangulation of local points in 0.200000 seconds
Sun Apr 30 14:41:44 2017 [Processor 0 of 24] [INFO]: Receiving from 1
Sun Apr 30 14:41:44 2017 [Processor 13 of 24] [INFO]: About to send 503864 edges
Sun Apr 30 14:41:44 2017 [Processor 21 of 24] [INFO]: About to send 503438 edges
Sun Apr 30 14:41:44 2017 [Processor 18 of 24] [INFO]: About to receive 503500 edges
Sun Apr 30 14:41:44 2017 [Processor 23 of 24] [INFO]: About to send 503483 edges
Sun Apr 30 14:41:44 2017 [Processor 17 of 24] [INFO]: About to send 503739 edges
Sun Apr 30 14:41:44 2017 [Processor 12 of 24] [INFO]: About to receive 503864 edges
Sun Apr 30 14:41:44 2017 [Processor 20 of 24] [INFO]: About to receive 503438 edges
Sun Apr 30 14:41:44 2017 [Processor 3 of 24] [INFO]: About to send 503540 edges
Sun Apr 30 14:41:44 2017 [Processor 11 of 24] [INFO]: About to send 503644 edges
Sun Apr 30 14:41:44 2017 [Processor 22 of 24] [INFO]: About to receive 503483 edges
Sun Apr 30 14:41:44 2017 [Processor 16 of 24] [INFO]: About to receive 503739 edges
Sun Apr 30 14:41:44 2017 [Processor 9 of 24] [INFO]: About to send 503685 edges
Sun Apr 30 14:41:44 2017 [Processor 7 of 24] [INFO]: About to send 503858 edges
Sun Apr 30 14:41:44 2017 [Processor 15 of 24] [INFO]: About to send 503612 edges
Sun Apr 30 14:41:44 2017 [Processor 2 of 24] [INFO]: About to receive 503540 edges
Sun Apr 30 14:41:44 2017 [Processor 10 of 24] [INFO]: About to receive 503644 edges
Sun Apr 30 14:41:44 2017 [Processor 8 of 24] [INFO]: About to receive 503685 edges
Sun Apr 30 14:41:44 2017 [Processor 6 of 24] [INFO]: About to receive 503858 edges
Sun Apr 30 14:41:44 2017 [Processor 1 of 24] [INFO]: About to send 503251 edges
Sun Apr 30 14:41:44 2017 [Processor 14 of 24] [INFO]: About to receive 503612 edges
Sun Apr 30 14:41:44 2017 [Processor 0 of 24] [INFO]: About to receive 503251 edges
Sun Apr 30 14:41:44 2017 [Processor 21 of 24] [INFO]: Finished merging in 0.020000 seconds
Sun Apr 30 14:41:44 2017 [Processor 21 of 24] [INFO]: Total execution time is 1.620000 seconds
Sun Apr 30 14:41:44 2017 [Processor 21 of 24] [INFO]: Actual Computation Time (with comm.cost) is 0.220000 seconds
Sun Apr 30 14:41:44 2017 [Processor 7 of 24] [INFO]: Finished merging in 0.010000 seconds
Sun Apr 30 14:41:44 2017 [Processor 7 of 24] [INFO]: Total execution time is 1.650000 seconds
Sun Apr 30 14:41:44 2017 [Processor 7 of 24] [INFO]: Actual Computation Time (with comm.cost) is 0.220000 seconds
Sun Apr 30 14:41:44 2017 [Processor 5 of 24] [INFO]: Finished merging in 0.030000 seconds
Sun Apr 30 14:41:44 2017 [Processor 5 of 24] [INFO]: Total execution time is 1.680000 seconds
Sun Apr 30 14:41:44 2017 [Processor 5 of 24] [INFO]: Actual Computation Time (with comm.cost) is 0.220000 seconds
Sun Apr 30 14:41:44 2017 [Processor 13 of 24] [INFO]: Finished merging in 0.030000 seconds
Sun Apr 30 14:41:44 2017 [Processor 13 of 24] [INFO]: Total execution time is 1.610000 seconds
Sun Apr 30 14:41:44 2017 [Processor 13 of 24] [INFO]: Actual Computation Time (with comm.cost) is 0.230000 seconds
Sun Apr 30 14:41:44 2017 [Processor 11 of 24] [INFO]: Finished merging in 0.030000 seconds
Sun Apr 30 14:41:44 2017 [Processor 11 of 24] [INFO]: Total execution time is 1.640000 seconds
Sun Apr 30 14:41:44 2017 [Processor 11 of 24] [INFO]: Actual Computation Time (with comm.cost) is 0.230000 seconds
Sun Apr 30 14:41:44 2017 [Processor 20 of 24] [INFO]: About to merge both regions
Sun Apr 30 14:41:44 2017 [Processor 6 of 24] [INFO]: About to merge both regions
Sun Apr 30 14:41:44 2017 [Processor 1 of 24] [INFO]: Finished merging in 0.020000 seconds
Sun Apr 30 14:41:44 2017 [Processor 9 of 24] [INFO]: Finished merging in 0.020000 seconds
Sun Apr 30 14:41:44 2017 [Processor 1 of 24] [INFO]: Total execution time is 1.640000 seconds
Sun Apr 30 14:41:44 2017 [Processor 1 of 24] [INFO]: Actual Computation Time (with comm.cost) is 0.230000 seconds
Sun Apr 30 14:41:44 2017 [Processor 9 of 24] [INFO]: Total execution time is 1.610000 seconds
Sun Apr 30 14:41:44 2017 [Processor 9 of 24] [INFO]: Actual Computation Time (with comm.cost) is 0.220000 seconds
Sun Apr 30 14:41:44 2017 [Processor 20 of 24] [INFO]: Done merging :)
Sun Apr 30 14:41:44 2017 [Processor 20 of 24] [INFO]: Finished re-assignments
Sun Apr 30 14:41:44 2017 [Processor 6 of 24] [INFO]: Done merging :)
Sun Apr 30 14:41:44 2017 [Processor 23 of 24] [INFO]: Finished merging in 0.030000 seconds
Sun Apr 30 14:41:44 2017 [Processor 6 of 24] [INFO]: Finished re-assignments
Sun Apr 30 14:41:44 2017 [Processor 23 of 24] [INFO]: Total execution time is 1.650000 seconds
Sun Apr 30 14:41:44 2017 [Processor 23 of 24] [INFO]: Actual Computation Time (with comm.cost) is 0.230000 seconds
Sun Apr 30 14:41:44 2017 [Processor 6 of 24] [INFO]: Sending to 4
Sun Apr 30 14:41:44 2017 [Processor 19 of 24] [INFO]: Finished merging in 0.030000 seconds
Sun Apr 30 14:41:44 2017 [Processor 4 of 24] [INFO]: About to merge both regions
Sun Apr 30 14:41:44 2017 [Processor 19 of 24] [INFO]: Total execution time is 1.640000 seconds
Sun Apr 30 14:41:44 2017 [Processor 19 of 24] [INFO]: Actual Computation Time (with comm.cost) is 0.230000 seconds
Sun Apr 30 14:41:44 2017 [Processor 3 of 24] [INFO]: Finished merging in 0.030000 seconds
Sun Apr 30 14:41:44 2017 [Processor 15 of 24] [INFO]: Finished merging in 0.030000 seconds
Sun Apr 30 14:41:44 2017 [Processor 3 of 24] [INFO]: Total execution time is 1.630000 seconds
Sun Apr 30 14:41:44 2017 [Processor 3 of 24] [INFO]: Actual Computation Time (with comm.cost) is 0.230000 seconds
Sun Apr 30 14:41:44 2017 [Processor 15 of 24] [INFO]: Total execution time is 1.660000 seconds
Sun Apr 30 14:41:44 2017 [Processor 15 of 24] [INFO]: Actual Computation Time (with comm.cost) is 0.230000 seconds
Sun Apr 30 14:41:44 2017 [Processor 17 of 24] [INFO]: Finished merging in 0.030000 seconds
Sun Apr 30 14:41:44 2017 [Processor 17 of 24] [INFO]: Total execution time is 1.620000 seconds
Sun Apr 30 14:41:44 2017 [Processor 17 of 24] [INFO]: Actual Computation Time (with comm.cost) is 0.230000 seconds
Sun Apr 30 14:41:44 2017 [Processor 4 of 24] [INFO]: Done merging :)
Sun Apr 30 14:41:44 2017 [Processor 4 of 24] [INFO]: Finished re-assignments
Sun Apr 30 14:41:44 2017 [Processor 4 of 24] [INFO]: Receiving from 6
Sun Apr 30 14:41:44 2017 [Processor 12 of 24] [INFO]: About to merge both regions
Sun Apr 30 14:41:44 2017 [Processor 10 of 24] [INFO]: About to merge both regions
Sun Apr 30 14:41:44 2017 [Processor 12 of 24] [INFO]: Done merging :)
Sun Apr 30 14:41:44 2017 [Processor 8 of 24] [INFO]: About to merge both regions
Sun Apr 30 14:41:44 2017 [Processor 10 of 24] [INFO]: Done merging :)
Sun Apr 30 14:41:44 2017 [Processor 12 of 24] [INFO]: Finished re-assignments
Sun Apr 30 14:41:44 2017 [Processor 10 of 24] [INFO]: Finished re-assignments
Sun Apr 30 14:41:44 2017 [Processor 10 of 24] [INFO]: Sending to 8
Sun Apr 30 14:41:44 2017 [Processor 0 of 24] [INFO]: About to merge both regions
Sun Apr 30 14:41:44 2017 [Processor 22 of 24] [INFO]: About to merge both regions
Sun Apr 30 14:41:44 2017 [Processor 8 of 24] [INFO]: Done merging :)
Sun Apr 30 14:41:44 2017 [Processor 14 of 24] [INFO]: About to merge both regions
Sun Apr 30 14:41:44 2017 [Processor 8 of 24] [INFO]: Finished re-assignments
Sun Apr 30 14:41:44 2017 [Processor 8 of 24] [INFO]: Receiving from 10
Sun Apr 30 14:41:44 2017 [Processor 0 of 24] [INFO]: Done merging :)
Sun Apr 30 14:41:44 2017 [Processor 0 of 24] [INFO]: Finished re-assignments
Sun Apr 30 14:41:44 2017 [Processor 2 of 24] [INFO]: About to merge both regions
Sun Apr 30 14:41:44 2017 [Processor 18 of 24] [INFO]: About to merge both regions
Sun Apr 30 14:41:44 2017 [Processor 6 of 24] [INFO]: About to send 1010555 edges
Sun Apr 30 14:41:44 2017 [Processor 14 of 24] [INFO]: Done merging :)
Sun Apr 30 14:41:44 2017 [Processor 22 of 24] [INFO]: Done merging :)
Sun Apr 30 14:41:44 2017 [Processor 14 of 24] [INFO]: Finished re-assignments
Sun Apr 30 14:41:44 2017 [Processor 20 of 24] [INFO]: Receiving from 22
Sun Apr 30 14:41:44 2017 [Processor 14 of 24] [INFO]: Sending to 12
Sun Apr 30 14:41:44 2017 [Processor 16 of 24] [INFO]: About to merge both regions
Sun Apr 30 14:41:44 2017 [Processor 12 of 24] [INFO]: Receiving from 14
Sun Apr 30 14:41:44 2017 [Processor 22 of 24] [INFO]: Finished re-assignments
Sun Apr 30 14:41:44 2017 [Processor 22 of 24] [INFO]: Sending to 20
Sun Apr 30 14:41:44 2017 [Processor 2 of 24] [INFO]: Done merging :)
Sun Apr 30 14:41:44 2017 [Processor 0 of 24] [INFO]: Receiving from 2
Sun Apr 30 14:41:44 2017 [Processor 2 of 24] [INFO]: Finished re-assignments
Sun Apr 30 14:41:44 2017 [Processor 2 of 24] [INFO]: Sending to 0
Sun Apr 30 14:41:44 2017 [Processor 18 of 24] [INFO]: Done merging :)
Sun Apr 30 14:41:44 2017 [Processor 18 of 24] [INFO]: Finished re-assignments
Sun Apr 30 14:41:44 2017 [Processor 18 of 24] [INFO]: Sending to 16
Sun Apr 30 14:41:44 2017 [Processor 16 of 24] [INFO]: Done merging :)
Sun Apr 30 14:41:44 2017 [Processor 16 of 24] [INFO]: Finished re-assignments
Sun Apr 30 14:41:44 2017 [Processor 16 of 24] [INFO]: Receiving from 18
Sun Apr 30 14:41:44 2017 [Processor 4 of 24] [INFO]: About to receive 1010555 edges
Sun Apr 30 14:41:44 2017 [Processor 10 of 24] [INFO]: About to send 1010191 edges
Sun Apr 30 14:41:44 2017 [Processor 14 of 24] [INFO]: About to send 1010530 edges
Sun Apr 30 14:41:44 2017 [Processor 2 of 24] [INFO]: About to send 1010436 edges
Sun Apr 30 14:41:44 2017 [Processor 22 of 24] [INFO]: About to send 1010300 edges
Sun Apr 30 14:41:44 2017 [Processor 8 of 24] [INFO]: About to receive 1010191 edges
Sun Apr 30 14:41:44 2017 [Processor 18 of 24] [INFO]: About to send 1009303 edges
Sun Apr 30 14:41:44 2017 [Processor 12 of 24] [INFO]: About to receive 1010530 edges
Sun Apr 30 14:41:44 2017 [Processor 0 of 24] [INFO]: About to receive 1010436 edges
Sun Apr 30 14:41:44 2017 [Processor 20 of 24] [INFO]: About to receive 1010300 edges
Sun Apr 30 14:41:44 2017 [Processor 16 of 24] [INFO]: About to receive 1009303 edges
Sun Apr 30 14:41:44 2017 [Processor 6 of 24] [INFO]: Finished merging in 0.060000 seconds
Sun Apr 30 14:41:44 2017 [Processor 6 of 24] [INFO]: Total execution time is 1.700000 seconds
Sun Apr 30 14:41:44 2017 [Processor 6 of 24] [INFO]: Actual Computation Time (with comm.cost) is 0.260000 seconds
Sun Apr 30 14:41:44 2017 [Processor 10 of 24] [INFO]: Finished merging in 0.070000 seconds
Sun Apr 30 14:41:44 2017 [Processor 10 of 24] [INFO]: Total execution time is 1.680000 seconds
Sun Apr 30 14:41:44 2017 [Processor 10 of 24] [INFO]: Actual Computation Time (with comm.cost) is 0.270000 seconds
Sun Apr 30 14:41:44 2017 [Processor 14 of 24] [INFO]: Finished merging in 0.050000 seconds
Sun Apr 30 14:41:44 2017 [Processor 14 of 24] [INFO]: Total execution time is 1.710000 seconds
Sun Apr 30 14:41:44 2017 [Processor 14 of 24] [INFO]: Actual Computation Time (with comm.cost) is 0.260000 seconds
Sun Apr 30 14:41:44 2017 [Processor 22 of 24] [INFO]: Finished merging in 0.050000 seconds
Sun Apr 30 14:41:44 2017 [Processor 22 of 24] [INFO]: Total execution time is 1.690000 seconds
Sun Apr 30 14:41:44 2017 [Processor 22 of 24] [INFO]: Actual Computation Time (with comm.cost) is 0.260000 seconds
Sun Apr 30 14:41:44 2017 [Processor 2 of 24] [INFO]: Finished merging in 0.070000 seconds
Sun Apr 30 14:41:44 2017 [Processor 2 of 24] [INFO]: Total execution time is 1.700000 seconds
Sun Apr 30 14:41:44 2017 [Processor 2 of 24] [INFO]: Actual Computation Time (with comm.cost) is 0.270000 seconds
Sun Apr 30 14:41:44 2017 [Processor 18 of 24] [INFO]: Finished merging in 0.060000 seconds
Sun Apr 30 14:41:44 2017 [Processor 18 of 24] [INFO]: Total execution time is 1.710000 seconds
Sun Apr 30 14:41:44 2017 [Processor 18 of 24] [INFO]: Actual Computation Time (with comm.cost) is 0.260000 seconds
Sun Apr 30 14:41:44 2017 [Processor 4 of 24] [INFO]: About to merge both regions
Sun Apr 30 14:41:44 2017 [Processor 8 of 24] [INFO]: About to merge both regions
Sun Apr 30 14:41:44 2017 [Processor 4 of 24] [INFO]: Done merging :)
Sun Apr 30 14:41:44 2017 [Processor 4 of 24] [INFO]: Finished re-assignments
Sun Apr 30 14:41:44 2017 [Processor 4 of 24] [INFO]: Sending to 0
Sun Apr 30 14:41:44 2017 [Processor 8 of 24] [INFO]: Done merging :)
Sun Apr 30 14:41:44 2017 [Processor 8 of 24] [INFO]: Finished re-assignments
Sun Apr 30 14:41:44 2017 [Processor 20 of 24] [INFO]: About to merge both regions
Sun Apr 30 14:41:44 2017 [Processor 12 of 24] [INFO]: About to merge both regions
Sun Apr 30 14:41:44 2017 [Processor 20 of 24] [INFO]: Done merging :)
Sun Apr 30 14:41:44 2017 [Processor 12 of 24] [INFO]: Done merging :)
Sun Apr 30 14:41:44 2017 [Processor 20 of 24] [INFO]: Finished re-assignments
Sun Apr 30 14:41:44 2017 [Processor 20 of 24] [INFO]: Sending to 16
Sun Apr 30 14:41:44 2017 [Processor 12 of 24] [INFO]: Finished re-assignments
Sun Apr 30 14:41:44 2017 [Processor 12 of 24] [INFO]: Sending to 8
Sun Apr 30 14:41:44 2017 [Processor 0 of 24] [INFO]: About to merge both regions
Sun Apr 30 14:41:44 2017 [Processor 16 of 24] [INFO]: About to merge both regions
Sun Apr 30 14:41:44 2017 [Processor 8 of 24] [INFO]: Receiving from 12
Sun Apr 30 14:41:44 2017 [Processor 0 of 24] [INFO]: Done merging :)
Sun Apr 30 14:41:44 2017 [Processor 0 of 24] [INFO]: Finished re-assignments
Sun Apr 30 14:41:44 2017 [Processor 16 of 24] [INFO]: Done merging :)
Sun Apr 30 14:41:44 2017 [Processor 0 of 24] [INFO]: Receiving from 4
Sun Apr 30 14:41:44 2017 [Processor 16 of 24] [INFO]: Finished re-assignments
Sun Apr 30 14:41:44 2017 [Processor 16 of 24] [INFO]: Receiving from 20
Sun Apr 30 14:41:44 2017 [Processor 12 of 24] [INFO]: About to send 2024440 edges
Sun Apr 30 14:41:44 2017 [Processor 4 of 24] [INFO]: About to send 2023872 edges
Sun Apr 30 14:41:44 2017 [Processor 20 of 24] [INFO]: About to send 2023013 edges
Sun Apr 30 14:41:44 2017 [Processor 8 of 24] [INFO]: About to receive 2024440 edges
Sun Apr 30 14:41:44 2017 [Processor 0 of 24] [INFO]: About to receive 2023872 edges
Sun Apr 30 14:41:44 2017 [Processor 16 of 24] [INFO]: About to receive 2023013 edges
Sun Apr 30 14:41:44 2017 [Processor 12 of 24] [INFO]: Finished merging in 0.150000 seconds
Sun Apr 30 14:41:44 2017 [Processor 12 of 24] [INFO]: Total execution time is 1.790000 seconds
Sun Apr 30 14:41:44 2017 [Processor 12 of 24] [INFO]: Actual Computation Time (with comm.cost) is 0.350000 seconds
Sun Apr 30 14:41:44 2017 [Processor 20 of 24] [INFO]: Finished merging in 0.170000 seconds
Sun Apr 30 14:41:44 2017 [Processor 20 of 24] [INFO]: Total execution time is 1.810000 seconds
Sun Apr 30 14:41:44 2017 [Processor 20 of 24] [INFO]: Actual Computation Time (with comm.cost) is 0.380000 seconds
Sun Apr 30 14:41:44 2017 [Processor 4 of 24] [INFO]: Finished merging in 0.170000 seconds
Sun Apr 30 14:41:44 2017 [Processor 4 of 24] [INFO]: Total execution time is 1.850000 seconds
Sun Apr 30 14:41:44 2017 [Processor 4 of 24] [INFO]: Actual Computation Time (with comm.cost) is 0.350000 seconds
Sun Apr 30 14:41:44 2017 [Processor 8 of 24] [INFO]: About to merge both regions
Sun Apr 30 14:41:44 2017 [Processor 8 of 24] [INFO]: Done merging :)
Sun Apr 30 14:41:44 2017 [Processor 8 of 24] [INFO]: Finished re-assignments
Sun Apr 30 14:41:44 2017 [Processor 8 of 24] [INFO]: Sending to 0
Sun Apr 30 14:41:44 2017 [Processor 16 of 24] [INFO]: About to merge both regions
Sun Apr 30 14:41:44 2017 [Processor 16 of 24] [INFO]: Done merging :)
Sun Apr 30 14:41:44 2017 [Processor 16 of 24] [INFO]: Finished re-assignments
Sun Apr 30 14:41:44 2017 [Processor 16 of 24] [INFO]: Nothing to do in this pass
Sun Apr 30 14:41:44 2017 [Processor 16 of 24] [INFO]: Sending to 0
Sun Apr 30 14:41:44 2017 [Processor 0 of 24] [INFO]: About to merge both regions
Sun Apr 30 14:41:44 2017 [Processor 0 of 24] [INFO]: Done merging :)
Sun Apr 30 14:41:44 2017 [Processor 0 of 24] [INFO]: Finished re-assignments
Sun Apr 30 14:41:44 2017 [Processor 0 of 24] [INFO]: Receiving from 8
Sun Apr 30 14:41:44 2017 [Processor 8 of 24] [INFO]: About to send 4050932 edges
Sun Apr 30 14:41:44 2017 [Processor 0 of 24] [INFO]: About to receive 4050932 edges
Sun Apr 30 14:41:45 2017 [Processor 8 of 24] [INFO]: Finished merging in 0.350000 seconds
Sun Apr 30 14:41:45 2017 [Processor 8 of 24] [INFO]: Total execution time is 1.980000 seconds
Sun Apr 30 14:41:45 2017 [Processor 8 of 24] [INFO]: Actual Computation Time (with comm.cost) is 0.550000 seconds
Sun Apr 30 14:41:45 2017 [Processor 0 of 24] [INFO]: About to merge both regions
Sun Apr 30 14:41:45 2017 [Processor 0 of 24] [INFO]: Done merging :)
Sun Apr 30 14:41:45 2017 [Processor 0 of 24] [INFO]: Finished re-assignments
Sun Apr 30 14:41:45 2017 [Processor 0 of 24] [INFO]: Receiving from 16
Sun Apr 30 14:41:45 2017 [Processor 16 of 24] [INFO]: About to send 4049554 edges
Sun Apr 30 14:41:45 2017 [Processor 0 of 24] [INFO]: About to receive 4049554 edges
Sun Apr 30 14:41:45 2017 [Processor 16 of 24] [INFO]: Finished merging in 0.580000 seconds
Sun Apr 30 14:41:45 2017 [Processor 16 of 24] [INFO]: Total execution time is 2.220000 seconds
Sun Apr 30 14:41:45 2017 [Processor 16 of 24] [INFO]: Actual Computation Time (with comm.cost) is 0.790000 seconds
Sun Apr 30 14:41:45 2017 [Processor 0 of 24] [INFO]: About to merge both regions
Sun Apr 30 14:41:45 2017 [Processor 0 of 24] [INFO]: Done merging :)
Sun Apr 30 14:41:45 2017 [Processor 0 of 24] [INFO]: Finished re-assignments
Sun Apr 30 14:41:45 2017 [Processor 0 of 24] [INFO]: Finished merging in 0.650000 seconds
Sun Apr 30 14:41:45 2017 [Processor 0 of 24] [INFO]: Total execution time is 2.300000 seconds
Sun Apr 30 14:41:45 2017 [Processor 0 of 24] [INFO]: Actual Computation Time (with comm.cost) is 0.850000 seconds
Sun Apr 30 14:41:46 2017 [Processor 21 of 24] [INFO]: End
Sun Apr 30 14:41:46 2017 [Processor 9 of 24] [INFO]: End
Sun Apr 30 14:41:46 2017 [Processor 3 of 24] [INFO]: End
Sun Apr 30 14:41:46 2017 [Processor 19 of 24] [INFO]: End
Sun Apr 30 14:41:46 2017 [Processor 5 of 24] [INFO]: End
Sun Apr 30 14:41:46 2017 [Processor 23 of 24] [INFO]: End
Sun Apr 30 14:41:46 2017 [Processor 17 of 24] [INFO]: End
Sun Apr 30 14:41:46 2017 [Processor 13 of 24] [INFO]: End
Sun Apr 30 14:41:46 2017 [Processor 15 of 24] [INFO]: End
Sun Apr 30 14:41:46 2017 [Processor 7 of 24] [INFO]: End
Sun Apr 30 14:41:46 2017 [Processor 11 of 24] [INFO]: End
Sun Apr 30 14:41:46 2017 [Processor 0 of 24] [INFO]: End
Sun Apr 30 14:41:46 2017 [Processor 1 of 24] [INFO]: End
Sun Apr 30 14:41:46 2017 [Processor 18 of 24] [INFO]: End
Sun Apr 30 14:41:46 2017 [Processor 20 of 24] [INFO]: End
Sun Apr 30 14:41:46 2017 [Processor 4 of 24] [INFO]: End
Sun Apr 30 14:41:46 2017 [Processor 22 of 24] [INFO]: End
Sun Apr 30 14:41:46 2017 [Processor 2 of 24] [INFO]: End
Sun Apr 30 14:41:46 2017 [Processor 14 of 24] [INFO]: End
Sun Apr 30 14:41:46 2017 [Processor 6 of 24] [INFO]: End
Sun Apr 30 14:41:46 2017 [Processor 10 of 24] [INFO]: End
Sun Apr 30 14:41:46 2017 [Processor 12 of 24] [INFO]: End
Sun Apr 30 14:41:46 2017 [Processor 16 of 24] [INFO]: End
Sun Apr 30 14:41:46 2017 [Processor 8 of 24] [INFO]: End
================================================
-rw-r--r-- 1 adarshpr cse633s17 43662614 Apr 30 14:41 dt-edges.txt
Files cleanedup!
Finished!
