SLURMTMPDIR=/scratch/6622782
SLURM_JOBID=6622782
SLURM_JOB_NODELIST=cpn-d14-38,cpn-d15-[04,07,09,28,33,38],cpn-d16-[07-08]
SLURM_NODENAME=
SLURM_NNODES=9
 Intel-MPI is in your path.  This is adequate for compiling and running most codes.  Source the /util/academic/intel/17.0/compilers_and_libraries_2017/linux/mpi/intel64/bin/mpivars.sh file for more features.
/scratch/6622782
SBATCH:: Starting 'main'
================================================
1048576 points read into memory from file.
Sun Apr 30 14:35:10 2017 [Processor 0 of 0] [INFO]: Finished reading input in 1.390000 seconds
[-1] MPI startup(): Imported environment partly inaccesible. Map=0 Info=eb93b0
1048576 points read into memory from file.
Sun Apr 30 14:35:10 2017 [Processor 0 of 0] [INFO]: Finished reading input in 1.390000 seconds
[-1] MPI startup(): Imported environment partly inaccesible. Map=0 Info=22b03b0
1048576 points read into memory from file.
Sun Apr 30 14:35:10 2017 [Processor 0 of 0] [INFO]: Finished reading input in 1.400000 seconds
[-1] MPI startup(): Imported environment partly inaccesible. Map=0 Info=1ccc3b0
[0] MPI startup(): Multi-threaded optimized library
1048576 points read into memory from file.
Sun Apr 30 14:35:10 2017 [Processor 0 of 0] [INFO]: Finished reading input in 1.400000 seconds
[-1] MPI startup(): Imported environment partly inaccesible. Map=0 Info=1f123b0
1048576 points read into memory from file.
Sun Apr 30 14:35:10 2017 [Processor 0 of 0] [INFO]: Finished reading input in 1.350000 seconds
[-1] MPI startup(): Imported environment partly inaccesible. Map=0 Info=90d3b0
1048576 points read into memory from file.
Sun Apr 30 14:35:10 2017 [Processor 0 of 0] [INFO]: Finished reading input in 1.400000 seconds
[-1] MPI startup(): Imported environment partly inaccesible. Map=0 Info=cde3b0
1048576 points read into memory from file.
Sun Apr 30 14:35:10 2017 [Processor 0 of 0] [INFO]: Finished reading input in 1.390000 seconds
[-1] MPI startup(): Imported environment partly inaccesible. Map=0 Info=204d3b0
1048576 points read into memory from file.
Sun Apr 30 14:35:10 2017 [Processor 0 of 0] [INFO]: Finished reading input in 1.400000 seconds
[-1] MPI startup(): Imported environment partly inaccesible. Map=0 Info=23673b0
1048576 points read into memory from file.
Sun Apr 30 14:35:10 2017 [Processor 0 of 0] [INFO]: Finished reading input in 1.410000 seconds
[-1] MPI startup(): Imported environment partly inaccesible. Map=0 Info=147e3b0
1048576 points read into memory from file.
Sun Apr 30 14:35:10 2017 [Processor 0 of 0] [INFO]: Finished reading input in 1.350000 seconds
[-1] MPI startup(): Imported environment partly inaccesible. Map=0 Info=91b3b0
1048576 points read into memory from file.
Sun Apr 30 14:35:10 2017 [Processor 0 of 0] [INFO]: Finished reading input in 1.360000 seconds
[-1] MPI startup(): Imported environment partly inaccesible. Map=0 Info=23f53b0
1048576 points read into memory from file.
Sun Apr 30 14:35:10 2017 [Processor 0 of 0] [INFO]: Finished reading input in 1.360000 seconds
[-1] MPI startup(): Imported environment partly inaccesible. Map=0 Info=165e3b0
1048576 points read into memory from file.
Sun Apr 30 14:35:10 2017 [Processor 0 of 0] [INFO]: Finished reading input in 1.420000 seconds
[-1] MPI startup(): Imported environment partly inaccesible. Map=0 Info=12103b0
1048576 points read into memory from file.
Sun Apr 30 14:35:10 2017 [Processor 0 of 0] [INFO]: Finished reading input in 1.360000 seconds
[-1] MPI startup(): Imported environment partly inaccesible. Map=0 Info=1d1c3b0
1048576 points read into memory from file.
Sun Apr 30 14:35:10 2017 [Processor 0 of 0] [INFO]: Finished reading input in 1.390000 seconds
[-1] MPI startup(): Imported environment partly inaccesible. Map=0 Info=14b13b0
1048576 points read into memory from file.
Sun Apr 30 14:35:10 2017 [Processor 0 of 0] [INFO]: Finished reading input in 1.390000 seconds
[-1] MPI startup(): Imported environment partly inaccesible. Map=0 Info=b963b0
1048576 points read into memory from file.
Sun Apr 30 14:35:10 2017 [Processor 0 of 0] [INFO]: Finished reading input in 1.390000 seconds
[-1] MPI startup(): Imported environment partly inaccesible. Map=0 Info=1cee3b0
1048576 points read into memory from file.
Sun Apr 30 14:35:10 2017 [Processor 0 of 0] [INFO]: Finished reading input in 1.410000 seconds
[-1] MPI startup(): Imported environment partly inaccesible. Map=0 Info=15853b0
[6] MPID_nem_ofacm_init(): Init
[7] MPID_nem_ofacm_init(): Init
[13] MPID_nem_ofacm_init(): Init
[3] MPID_nem_ofacm_init(): Init
[2] MPID_nem_ofacm_init(): Init
[10] MPID_nem_ofacm_init(): Init
[0] MPID_nem_ofacm_init(): Init
[11] MPID_nem_ofacm_init(): Init
[1] MPID_nem_ofacm_init(): Init
[8] MPID_nem_ofacm_init(): Init
[14] MPID_nem_ofacm_init(): Init
[9] MPID_nem_ofacm_init(): Init
[12] MPID_nem_ofacm_init(): Init
[5] MPID_nem_ofacm_init(): Init
[15] MPID_nem_ofacm_init(): Init
[4] MPID_nem_ofacm_init(): Init
[16] MPID_nem_ofacm_init(): Init
[17] MPID_nem_ofacm_init(): Init
[9] MPI startup(): shm and ofa data transfer modes
[8] MPI startup(): shm and ofa data transfer modes
[15] MPI startup(): shm and ofa data transfer modes
[7] MPI startup(): shm and ofa data transfer modes
[11] MPI startup(): shm and ofa data transfer modes
[17] MPI startup(): shm and ofa data transfer modes
[14] MPI startup(): shm and ofa data transfer modes
[6] MPI startup(): shm and ofa data transfer modes
[0] MPI startup(): shm and ofa data transfer modes
[10] MPI startup(): shm and ofa data transfer modes
[3] MPI startup(): shm and ofa data transfer modes
[16] MPI startup(): shm and ofa data transfer modes
[1] MPI startup(): shm and ofa data transfer modes
[2] MPI startup(): shm and ofa data transfer modes
[5] MPI startup(): shm and ofa data transfer modes
[4] MPI startup(): shm and ofa data transfer modes
[13] MPI startup(): shm and ofa data transfer modes
[12] MPI startup(): shm and ofa data transfer modes
Sun Apr 30 14:35:11 2017 [Processor 1 of 18] [INFO]: Begin
Sun Apr 30 14:35:11 2017 [Processor 8 of 18] [INFO]: Begin
Sun Apr 30 14:35:11 2017 [Processor 6 of 18] [INFO]: Begin
Sun Apr 30 14:35:11 2017 [Processor 11 of 18] [INFO]: Begin
Sun Apr 30 14:35:11 2017 [Processor 12 of 18] [INFO]: Begin
Sun Apr 30 14:35:11 2017 [Processor 3 of 18] [INFO]: Begin
Sun Apr 30 14:35:11 2017 [Processor 14 of 18] [INFO]: Begin
Sun Apr 30 14:35:11 2017 [Processor 4 of 18] [INFO]: Begin
Sun Apr 30 14:35:11 2017 [Processor 9 of 18] [INFO]: Begin
Sun Apr 30 14:35:11 2017 [Processor 15 of 18] [INFO]: Begin
Sun Apr 30 14:35:11 2017 [Processor 10 of 18] [INFO]: Begin
Sun Apr 30 14:35:11 2017 [Processor 5 of 18] [INFO]: Begin
Sun Apr 30 14:35:11 2017 [Processor 7 of 18] [INFO]: Begin
Sun Apr 30 14:35:11 2017 [Processor 13 of 18] [INFO]: Begin
Sun Apr 30 14:35:11 2017 [Processor 2 of 18] [INFO]: Begin
[0] MPI startup(): Rank    Pid      Node name                        Pin cpu
[0] MPI startup(): 0       11891    cpn-d14-38.cbls.ccr.buffalo.edu  +1
[0] MPI startup(): 1       11892    cpn-d14-38.cbls.ccr.buffalo.edu  +1
[0] MPI startup(): 2       14940    cpn-d15-04.cbls.ccr.buffalo.edu  +1
[0] MPI startup(): 3       14941    cpn-d15-04.cbls.ccr.buffalo.edu  +1
[0] MPI startup(): 4       496      cpn-d15-07.cbls.ccr.buffalo.edu  +1
[0] MPI startup(): 5       497      cpn-d15-07.cbls.ccr.buffalo.edu  +1
[0] MPI startup(): 6       21100    cpn-d15-09.cbls.ccr.buffalo.edu  +1
[0] MPI startup(): 7       21101    cpn-d15-09.cbls.ccr.buffalo.edu  +1
[0] MPI startup(): 8       3954     cpn-d15-28.cbls.ccr.buffalo.edu  +1
[0] MPI startup(): 9       3955     cpn-d15-28.cbls.ccr.buffalo.edu  +1
[0] MPI startup(): 10      29255    cpn-d15-33.cbls.ccr.buffalo.edu  +1
[0] MPI startup(): 11      29256    cpn-d15-33.cbls.ccr.buffalo.edu  +1
[0] MPI startup(): 12      26649    cpn-d15-38.cbls.ccr.buffalo.edu  +1
[0] MPI startup(): 13      26650    cpn-d15-38.cbls.ccr.buffalo.edu  +1
[0] MPI startup(): 14      26022    cpn-d16-07.cbls.ccr.buffalo.edu  +1
[0] MPI startup(): 15      26023    cpn-d16-07.cbls.ccr.buffalo.edu  +1
[0] MPI startup(): 16      26447    cpn-d16-08.cbls.ccr.buffalo.edu  +1
[0] MPI startup(): 17      26448    cpn-d16-08.cbls.ccr.buffalo.edu  +1
Sun Apr 30 14:35:11 2017 [Processor 0 of 18] [INFO]: Begin
Sun Apr 30 14:35:11 2017 [Processor 16 of 18] [INFO]: Begin
Sun Apr 30 14:35:11 2017 [Processor 17 of 18] [INFO]: Begin
Sun Apr 30 14:35:11 2017 [Processor 7 of 18] [INFO]: Number of Edges: 671522
Sun Apr 30 14:35:11 2017 [Processor 7 of 18] [INFO]: Finished triangulation of local points in 0.240000 seconds
Sun Apr 30 14:35:11 2017 [Processor 7 of 18] [INFO]: Sending to 6
Sun Apr 30 14:35:11 2017 [Processor 6 of 18] [INFO]: Number of Edges: 671169
Sun Apr 30 14:35:11 2017 [Processor 6 of 18] [INFO]: Finished triangulation of local points in 0.240000 seconds
Sun Apr 30 14:35:11 2017 [Processor 6 of 18] [INFO]: Receiving from 7
Sun Apr 30 14:35:11 2017 [Processor 7 of 18] [INFO]: About to send 671522 edges
Sun Apr 30 14:35:11 2017 [Processor 6 of 18] [INFO]: About to receive 671522 edges
Sun Apr 30 14:35:11 2017 [Processor 13 of 18] [INFO]: Number of Edges: 671485
Sun Apr 30 14:35:11 2017 [Processor 13 of 18] [INFO]: Finished triangulation of local points in 0.250000 seconds
Sun Apr 30 14:35:11 2017 [Processor 13 of 18] [INFO]: Sending to 12
Sun Apr 30 14:35:11 2017 [Processor 1 of 18] [INFO]: Number of Edges: 671173
Sun Apr 30 14:35:11 2017 [Processor 1 of 18] [INFO]: Finished triangulation of local points in 0.260000 seconds
Sun Apr 30 14:35:11 2017 [Processor 1 of 18] [INFO]: Sending to 0
Sun Apr 30 14:35:11 2017 [Processor 5 of 18] [INFO]: Number of Edges: 671630
Sun Apr 30 14:35:11 2017 [Processor 5 of 18] [INFO]: Finished triangulation of local points in 0.260000 seconds
Sun Apr 30 14:35:11 2017 [Processor 5 of 18] [INFO]: Sending to 4
Sun Apr 30 14:35:11 2017 [Processor 3 of 18] [INFO]: Number of Edges: 671460
Sun Apr 30 14:35:11 2017 [Processor 3 of 18] [INFO]: Finished triangulation of local points in 0.260000 seconds
Sun Apr 30 14:35:11 2017 [Processor 3 of 18] [INFO]: Sending to 2
Sun Apr 30 14:35:11 2017 [Processor 4 of 18] [INFO]: Number of Edges: 671331
Sun Apr 30 14:35:11 2017 [Processor 4 of 18] [INFO]: Finished triangulation of local points in 0.250000 seconds
Sun Apr 30 14:35:11 2017 [Processor 4 of 18] [INFO]: Receiving from 5
Sun Apr 30 14:35:11 2017 [Processor 12 of 18] [INFO]: Number of Edges: 671646
Sun Apr 30 14:35:11 2017 [Processor 12 of 18] [INFO]: Finished triangulation of local points in 0.260000 seconds
Sun Apr 30 14:35:11 2017 [Processor 12 of 18] [INFO]: Receiving from 13
Sun Apr 30 14:35:11 2017 [Processor 2 of 18] [INFO]: Number of Edges: 671138
Sun Apr 30 14:35:11 2017 [Processor 2 of 18] [INFO]: Finished triangulation of local points in 0.260000 seconds
Sun Apr 30 14:35:11 2017 [Processor 2 of 18] [INFO]: Receiving from 3
Sun Apr 30 14:35:11 2017 [Processor 15 of 18] [INFO]: Number of Edges: 671045
Sun Apr 30 14:35:11 2017 [Processor 15 of 18] [INFO]: Finished triangulation of local points in 0.260000 seconds
Sun Apr 30 14:35:11 2017 [Processor 9 of 18] [INFO]: Number of Edges: 671521
Sun Apr 30 14:35:11 2017 [Processor 15 of 18] [INFO]: Sending to 14
Sun Apr 30 14:35:11 2017 [Processor 9 of 18] [INFO]: Finished triangulation of local points in 0.260000 seconds
Sun Apr 30 14:35:11 2017 [Processor 9 of 18] [INFO]: Sending to 8
Sun Apr 30 14:35:11 2017 [Processor 13 of 18] [INFO]: About to send 671485 edges
Sun Apr 30 14:35:11 2017 [Processor 5 of 18] [INFO]: About to send 671630 edges
Sun Apr 30 14:35:11 2017 [Processor 11 of 18] [INFO]: Number of Edges: 671311
Sun Apr 30 14:35:11 2017 [Processor 11 of 18] [INFO]: Finished triangulation of local points in 0.260000 seconds
Sun Apr 30 14:35:11 2017 [Processor 11 of 18] [INFO]: Sending to 10
Sun Apr 30 14:35:11 2017 [Processor 12 of 18] [INFO]: About to receive 671485 edges
Sun Apr 30 14:35:11 2017 [Processor 4 of 18] [INFO]: About to receive 671630 edges
Sun Apr 30 14:35:11 2017 [Processor 0 of 18] [INFO]: Number of Edges: 671733
Sun Apr 30 14:35:11 2017 [Processor 0 of 18] [INFO]: Finished triangulation of local points in 0.260000 seconds
Sun Apr 30 14:35:11 2017 [Processor 8 of 18] [INFO]: Number of Edges: 671813
Sun Apr 30 14:35:11 2017 [Processor 0 of 18] [INFO]: Receiving from 1
Sun Apr 30 14:35:11 2017 [Processor 3 of 18] [INFO]: About to send 671460 edges
Sun Apr 30 14:35:11 2017 [Processor 8 of 18] [INFO]: Finished triangulation of local points in 0.260000 seconds
Sun Apr 30 14:35:11 2017 [Processor 8 of 18] [INFO]: Receiving from 9
Sun Apr 30 14:35:11 2017 [Processor 14 of 18] [INFO]: Number of Edges: 671178
Sun Apr 30 14:35:11 2017 [Processor 14 of 18] [INFO]: Finished triangulation of local points in 0.270000 seconds
Sun Apr 30 14:35:11 2017 [Processor 10 of 18] [INFO]: Number of Edges: 671749
Sun Apr 30 14:35:11 2017 [Processor 14 of 18] [INFO]: Receiving from 15
Sun Apr 30 14:35:11 2017 [Processor 10 of 18] [INFO]: Finished triangulation of local points in 0.270000 seconds
Sun Apr 30 14:35:11 2017 [Processor 10 of 18] [INFO]: Receiving from 11
Sun Apr 30 14:35:11 2017 [Processor 2 of 18] [INFO]: About to receive 671460 edges
Sun Apr 30 14:35:11 2017 [Processor 7 of 18] [INFO]: Finished merging in 0.030000 seconds
Sun Apr 30 14:35:11 2017 [Processor 7 of 18] [INFO]: Total execution time is 1.670000 seconds
Sun Apr 30 14:35:11 2017 [Processor 7 of 18] [INFO]: Actual Computation Time (with comm.cost) is 0.270000 seconds
Sun Apr 30 14:35:11 2017 [Processor 9 of 18] [INFO]: About to send 671521 edges
Sun Apr 30 14:35:11 2017 [Processor 1 of 18] [INFO]: About to send 671173 edges
Sun Apr 30 14:35:11 2017 [Processor 15 of 18] [INFO]: About to send 671045 edges
Sun Apr 30 14:35:11 2017 [Processor 11 of 18] [INFO]: About to send 671311 edges
Sun Apr 30 14:35:11 2017 [Processor 8 of 18] [INFO]: About to receive 671521 edges
Sun Apr 30 14:35:11 2017 [Processor 0 of 18] [INFO]: About to receive 671173 edges
Sun Apr 30 14:35:11 2017 [Processor 14 of 18] [INFO]: About to receive 671045 edges
Sun Apr 30 14:35:11 2017 [Processor 10 of 18] [INFO]: About to receive 671311 edges
Sun Apr 30 14:35:11 2017 [Processor 17 of 18] [INFO]: Number of Edges: 671946
Sun Apr 30 14:35:11 2017 [Processor 17 of 18] [INFO]: Finished triangulation of local points in 0.260000 seconds
Sun Apr 30 14:35:11 2017 [Processor 17 of 18] [INFO]: Sending to 16
Sun Apr 30 14:35:11 2017 [Processor 6 of 18] [INFO]: About to merge both regions
Sun Apr 30 14:35:11 2017 [Processor 6 of 18] [INFO]: Done merging :)
Sun Apr 30 14:35:11 2017 [Processor 6 of 18] [INFO]: Finished re-assignments
Sun Apr 30 14:35:11 2017 [Processor 6 of 18] [INFO]: Sending to 4
Sun Apr 30 14:35:11 2017 [Processor 16 of 18] [INFO]: Number of Edges: 671269
Sun Apr 30 14:35:11 2017 [Processor 16 of 18] [INFO]: Finished triangulation of local points in 0.260000 seconds
Sun Apr 30 14:35:11 2017 [Processor 16 of 18] [INFO]: Receiving from 17
Sun Apr 30 14:35:11 2017 [Processor 17 of 18] [INFO]: About to send 671946 edges
Sun Apr 30 14:35:11 2017 [Processor 13 of 18] [INFO]: Finished merging in 0.030000 seconds
Sun Apr 30 14:35:11 2017 [Processor 13 of 18] [INFO]: Total execution time is 1.700000 seconds
Sun Apr 30 14:35:11 2017 [Processor 13 of 18] [INFO]: Actual Computation Time (with comm.cost) is 0.280000 seconds
Sun Apr 30 14:35:11 2017 [Processor 16 of 18] [INFO]: About to receive 671946 edges
Sun Apr 30 14:35:11 2017 [Processor 11 of 18] [INFO]: Finished merging in 0.030000 seconds
Sun Apr 30 14:35:11 2017 [Processor 1 of 18] [INFO]: Finished merging in 0.030000 seconds
Sun Apr 30 14:35:11 2017 [Processor 11 of 18] [INFO]: Total execution time is 1.680000 seconds
Sun Apr 30 14:35:11 2017 [Processor 11 of 18] [INFO]: Actual Computation Time (with comm.cost) is 0.290000 seconds
Sun Apr 30 14:35:11 2017 [Processor 1 of 18] [INFO]: Total execution time is 1.730000 seconds
Sun Apr 30 14:35:11 2017 [Processor 1 of 18] [INFO]: Actual Computation Time (with comm.cost) is 0.290000 seconds
Sun Apr 30 14:35:11 2017 [Processor 3 of 18] [INFO]: Finished merging in 0.030000 seconds
Sun Apr 30 14:35:11 2017 [Processor 3 of 18] [INFO]: Total execution time is 1.720000 seconds
Sun Apr 30 14:35:11 2017 [Processor 3 of 18] [INFO]: Actual Computation Time (with comm.cost) is 0.290000 seconds
Sun Apr 30 14:35:11 2017 [Processor 9 of 18] [INFO]: Finished merging in 0.030000 seconds
Sun Apr 30 14:35:11 2017 [Processor 9 of 18] [INFO]: Total execution time is 1.710000 seconds
Sun Apr 30 14:35:11 2017 [Processor 9 of 18] [INFO]: Actual Computation Time (with comm.cost) is 0.290000 seconds
Sun Apr 30 14:35:11 2017 [Processor 12 of 18] [INFO]: About to merge both regions
Sun Apr 30 14:35:11 2017 [Processor 5 of 18] [INFO]: Finished merging in 0.030000 seconds
Sun Apr 30 14:35:11 2017 [Processor 5 of 18] [INFO]: Total execution time is 1.750000 seconds
Sun Apr 30 14:35:11 2017 [Processor 5 of 18] [INFO]: Actual Computation Time (with comm.cost) is 0.290000 seconds
Sun Apr 30 14:35:11 2017 [Processor 15 of 18] [INFO]: Finished merging in 0.030000 seconds
Sun Apr 30 14:35:11 2017 [Processor 15 of 18] [INFO]: Total execution time is 1.730000 seconds
Sun Apr 30 14:35:11 2017 [Processor 12 of 18] [INFO]: Done merging :)
Sun Apr 30 14:35:11 2017 [Processor 15 of 18] [INFO]: Actual Computation Time (with comm.cost) is 0.290000 seconds
Sun Apr 30 14:35:11 2017 [Processor 12 of 18] [INFO]: Finished re-assignments
Sun Apr 30 14:35:11 2017 [Processor 10 of 18] [INFO]: About to merge both regions
Sun Apr 30 14:35:11 2017 [Processor 0 of 18] [INFO]: About to merge both regions
Sun Apr 30 14:35:11 2017 [Processor 2 of 18] [INFO]: About to merge both regions
Sun Apr 30 14:35:11 2017 [Processor 8 of 18] [INFO]: About to merge both regions
Sun Apr 30 14:35:11 2017 [Processor 10 of 18] [INFO]: Done merging :)
Sun Apr 30 14:35:11 2017 [Processor 10 of 18] [INFO]: Finished re-assignments
Sun Apr 30 14:35:11 2017 [Processor 10 of 18] [INFO]: Sending to 8
Sun Apr 30 14:35:11 2017 [Processor 0 of 18] [INFO]: Done merging :)
Sun Apr 30 14:35:11 2017 [Processor 0 of 18] [INFO]: Finished re-assignments
Sun Apr 30 14:35:11 2017 [Processor 2 of 18] [INFO]: Done merging :)
Sun Apr 30 14:35:11 2017 [Processor 8 of 18] [INFO]: Done merging :)
Sun Apr 30 14:35:11 2017 [Processor 0 of 18] [INFO]: Receiving from 2
Sun Apr 30 14:35:11 2017 [Processor 2 of 18] [INFO]: Finished re-assignments
Sun Apr 30 14:35:11 2017 [Processor 2 of 18] [INFO]: Sending to 0
Sun Apr 30 14:35:11 2017 [Processor 8 of 18] [INFO]: Finished re-assignments
Sun Apr 30 14:35:11 2017 [Processor 8 of 18] [INFO]: Receiving from 10
Sun Apr 30 14:35:11 2017 [Processor 14 of 18] [INFO]: About to merge both regions
Sun Apr 30 14:35:11 2017 [Processor 4 of 18] [INFO]: About to merge both regions
Sun Apr 30 14:35:11 2017 [Processor 14 of 18] [INFO]: Done merging :)
Sun Apr 30 14:35:11 2017 [Processor 14 of 18] [INFO]: Finished re-assignments
Sun Apr 30 14:35:11 2017 [Processor 14 of 18] [INFO]: Sending to 12
Sun Apr 30 14:35:11 2017 [Processor 4 of 18] [INFO]: Done merging :)
Sun Apr 30 14:35:11 2017 [Processor 12 of 18] [INFO]: Receiving from 14
Sun Apr 30 14:35:11 2017 [Processor 4 of 18] [INFO]: Finished re-assignments
Sun Apr 30 14:35:11 2017 [Processor 4 of 18] [INFO]: Receiving from 6
Sun Apr 30 14:35:11 2017 [Processor 2 of 18] [INFO]: About to send 1345767 edges
Sun Apr 30 14:35:11 2017 [Processor 10 of 18] [INFO]: About to send 1346220 edges
Sun Apr 30 14:35:11 2017 [Processor 17 of 18] [INFO]: Finished merging in 0.030000 seconds
Sun Apr 30 14:35:11 2017 [Processor 17 of 18] [INFO]: Total execution time is 1.750000 seconds
Sun Apr 30 14:35:11 2017 [Processor 17 of 18] [INFO]: Actual Computation Time (with comm.cost) is 0.290000 seconds
Sun Apr 30 14:35:11 2017 [Processor 0 of 18] [INFO]: About to receive 1345767 edges
Sun Apr 30 14:35:11 2017 [Processor 14 of 18] [INFO]: About to send 1345416 edges
Sun Apr 30 14:35:11 2017 [Processor 6 of 18] [INFO]: About to send 1345828 edges
Sun Apr 30 14:35:11 2017 [Processor 8 of 18] [INFO]: About to receive 1346220 edges
Sun Apr 30 14:35:11 2017 [Processor 12 of 18] [INFO]: About to receive 1345416 edges
Sun Apr 30 14:35:11 2017 [Processor 4 of 18] [INFO]: About to receive 1345828 edges
Sun Apr 30 14:35:11 2017 [Processor 16 of 18] [INFO]: About to merge both regions
Sun Apr 30 14:35:11 2017 [Processor 16 of 18] [INFO]: Done merging :)
Sun Apr 30 14:35:11 2017 [Processor 16 of 18] [INFO]: Finished re-assignments
Sun Apr 30 14:35:11 2017 [Processor 16 of 18] [INFO]: Nothing to do in this pass
Sun Apr 30 14:35:11 2017 [Processor 16 of 18] [INFO]: Nothing to do in this pass
Sun Apr 30 14:35:11 2017 [Processor 16 of 18] [INFO]: Nothing to do in this pass
Sun Apr 30 14:35:11 2017 [Processor 16 of 18] [INFO]: Sending to 0
Sun Apr 30 14:35:11 2017 [Processor 2 of 18] [INFO]: Finished merging in 0.080000 seconds
Sun Apr 30 14:35:11 2017 [Processor 2 of 18] [INFO]: Total execution time is 1.770000 seconds
Sun Apr 30 14:35:11 2017 [Processor 2 of 18] [INFO]: Actual Computation Time (with comm.cost) is 0.340000 seconds
Sun Apr 30 14:35:11 2017 [Processor 10 of 18] [INFO]: Finished merging in 0.080000 seconds
Sun Apr 30 14:35:11 2017 [Processor 10 of 18] [INFO]: Total execution time is 1.770000 seconds
Sun Apr 30 14:35:11 2017 [Processor 10 of 18] [INFO]: Actual Computation Time (with comm.cost) is 0.350000 seconds
Sun Apr 30 14:35:11 2017 [Processor 14 of 18] [INFO]: Finished merging in 0.080000 seconds
Sun Apr 30 14:35:11 2017 [Processor 14 of 18] [INFO]: Total execution time is 1.800000 seconds
Sun Apr 30 14:35:11 2017 [Processor 14 of 18] [INFO]: Actual Computation Time (with comm.cost) is 0.350000 seconds
Sun Apr 30 14:35:11 2017 [Processor 6 of 18] [INFO]: Finished merging in 0.110000 seconds
Sun Apr 30 14:35:11 2017 [Processor 6 of 18] [INFO]: Total execution time is 1.790000 seconds
Sun Apr 30 14:35:11 2017 [Processor 6 of 18] [INFO]: Actual Computation Time (with comm.cost) is 0.350000 seconds
Sun Apr 30 14:35:11 2017 [Processor 0 of 18] [INFO]: About to merge both regions
Sun Apr 30 14:35:11 2017 [Processor 8 of 18] [INFO]: About to merge both regions
Sun Apr 30 14:35:11 2017 [Processor 0 of 18] [INFO]: Done merging :)
Sun Apr 30 14:35:11 2017 [Processor 0 of 18] [INFO]: Finished re-assignments
Sun Apr 30 14:35:11 2017 [Processor 8 of 18] [INFO]: Done merging :)
Sun Apr 30 14:35:11 2017 [Processor 8 of 18] [INFO]: Finished re-assignments
Sun Apr 30 14:35:11 2017 [Processor 12 of 18] [INFO]: About to merge both regions
Sun Apr 30 14:35:11 2017 [Processor 12 of 18] [INFO]: Done merging :)
Sun Apr 30 14:35:11 2017 [Processor 8 of 18] [INFO]: Receiving from 12
Sun Apr 30 14:35:11 2017 [Processor 12 of 18] [INFO]: Finished re-assignments
Sun Apr 30 14:35:11 2017 [Processor 12 of 18] [INFO]: Sending to 8
Sun Apr 30 14:35:11 2017 [Processor 4 of 18] [INFO]: About to merge both regions
Sun Apr 30 14:35:11 2017 [Processor 4 of 18] [INFO]: Done merging :)
Sun Apr 30 14:35:11 2017 [Processor 0 of 18] [INFO]: Receiving from 4
Sun Apr 30 14:35:11 2017 [Processor 4 of 18] [INFO]: Finished re-assignments
Sun Apr 30 14:35:11 2017 [Processor 4 of 18] [INFO]: Sending to 0
Sun Apr 30 14:35:11 2017 [Processor 12 of 18] [INFO]: About to send 2694746 edges
Sun Apr 30 14:35:11 2017 [Processor 4 of 18] [INFO]: About to send 2695101 edges
Sun Apr 30 14:35:11 2017 [Processor 8 of 18] [INFO]: About to receive 2694746 edges
Sun Apr 30 14:35:11 2017 [Processor 0 of 18] [INFO]: About to receive 2695101 edges
Sun Apr 30 14:35:11 2017 [Processor 12 of 18] [INFO]: Finished merging in 0.220000 seconds
Sun Apr 30 14:35:11 2017 [Processor 12 of 18] [INFO]: Total execution time is 1.910000 seconds
Sun Apr 30 14:35:11 2017 [Processor 12 of 18] [INFO]: Actual Computation Time (with comm.cost) is 0.480000 seconds
Sun Apr 30 14:35:11 2017 [Processor 4 of 18] [INFO]: Finished merging in 0.220000 seconds
Sun Apr 30 14:35:11 2017 [Processor 4 of 18] [INFO]: Total execution time is 1.950000 seconds
Sun Apr 30 14:35:11 2017 [Processor 4 of 18] [INFO]: Actual Computation Time (with comm.cost) is 0.470000 seconds
Sun Apr 30 14:35:11 2017 [Processor 8 of 18] [INFO]: About to merge both regions
Sun Apr 30 14:35:11 2017 [Processor 8 of 18] [INFO]: Done merging :)
Sun Apr 30 14:35:11 2017 [Processor 8 of 18] [INFO]: Finished re-assignments
Sun Apr 30 14:35:11 2017 [Processor 8 of 18] [INFO]: Sending to 0
Sun Apr 30 14:35:11 2017 [Processor 0 of 18] [INFO]: About to merge both regions
Sun Apr 30 14:35:11 2017 [Processor 0 of 18] [INFO]: Done merging :)
Sun Apr 30 14:35:11 2017 [Processor 0 of 18] [INFO]: Finished re-assignments
Sun Apr 30 14:35:11 2017 [Processor 0 of 18] [INFO]: Receiving from 8
Sun Apr 30 14:35:11 2017 [Processor 8 of 18] [INFO]: About to send 5393619 edges
Sun Apr 30 14:35:12 2017 [Processor 0 of 18] [INFO]: About to receive 5393619 edges
Sun Apr 30 14:35:12 2017 [Processor 8 of 18] [INFO]: Finished merging in 0.470000 seconds
Sun Apr 30 14:35:12 2017 [Processor 8 of 18] [INFO]: Total execution time is 2.200000 seconds
Sun Apr 30 14:35:12 2017 [Processor 8 of 18] [INFO]: Actual Computation Time (with comm.cost) is 0.730000 seconds
Sun Apr 30 14:35:12 2017 [Processor 0 of 18] [INFO]: About to merge both regions
Sun Apr 30 14:35:12 2017 [Processor 0 of 18] [INFO]: Done merging :)
Sun Apr 30 14:35:12 2017 [Processor 0 of 18] [INFO]: Finished re-assignments
Sun Apr 30 14:35:12 2017 [Processor 0 of 18] [INFO]: Receiving from 16
Sun Apr 30 14:35:12 2017 [Processor 16 of 18] [INFO]: About to send 1346334 edges
Sun Apr 30 14:35:12 2017 [Processor 0 of 18] [INFO]: About to receive 1346334 edges
Sun Apr 30 14:35:12 2017 [Processor 16 of 18] [INFO]: Finished merging in 0.580000 seconds
Sun Apr 30 14:35:12 2017 [Processor 16 of 18] [INFO]: Total execution time is 2.340000 seconds
Sun Apr 30 14:35:12 2017 [Processor 16 of 18] [INFO]: Actual Computation Time (with comm.cost) is 0.840000 seconds
Sun Apr 30 14:35:12 2017 [Processor 0 of 18] [INFO]: About to merge both regions
Sun Apr 30 14:35:12 2017 [Processor 0 of 18] [INFO]: Done merging :)
Sun Apr 30 14:35:12 2017 [Processor 0 of 18] [INFO]: Finished re-assignments
Sun Apr 30 14:35:12 2017 [Processor 0 of 18] [INFO]: Finished merging in 0.640000 seconds
Sun Apr 30 14:35:12 2017 [Processor 0 of 18] [INFO]: Total execution time is 2.370000 seconds
Sun Apr 30 14:35:12 2017 [Processor 0 of 18] [INFO]: Actual Computation Time (with comm.cost) is 0.900000 seconds
Sun Apr 30 14:35:13 2017 [Processor 1 of 18] [INFO]: End
Sun Apr 30 14:35:13 2017 [Processor 7 of 18] [INFO]: End
Sun Apr 30 14:35:13 2017 [Processor 0 of 18] [INFO]: End
Sun Apr 30 14:35:13 2017 [Processor 11 of 18] [INFO]: End
Sun Apr 30 14:35:13 2017 [Processor 9 of 18] [INFO]: End
Sun Apr 30 14:35:13 2017 [Processor 13 of 18] [INFO]: End
Sun Apr 30 14:35:13 2017 [Processor 3 of 18] [INFO]: End
Sun Apr 30 14:35:13 2017 [Processor 15 of 18] [INFO]: End
Sun Apr 30 14:35:13 2017 [Processor 5 of 18] [INFO]: End
Sun Apr 30 14:35:13 2017 [Processor 17 of 18] [INFO]: End
Sun Apr 30 14:35:13 2017 [Processor 16 of 18] [INFO]: End
Sun Apr 30 14:35:13 2017 [Processor 2 of 18] [INFO]: End
Sun Apr 30 14:35:13 2017 [Processor 4 of 18] [INFO]: End
Sun Apr 30 14:35:13 2017 [Processor 14 of 18] [INFO]: End
Sun Apr 30 14:35:13 2017 [Processor 6 of 18] [INFO]: End
Sun Apr 30 14:35:13 2017 [Processor 10 of 18] [INFO]: End
Sun Apr 30 14:35:13 2017 [Processor 12 of 18] [INFO]: End
Sun Apr 30 14:35:13 2017 [Processor 8 of 18] [INFO]: End
================================================
-rw-r--r-- 1 adarshpr cse633s17 43663174 Apr 30 14:35 dt-edges.txt
Files cleanedup!
Finished!
